0:1:2:3:3:4:5:0x400830:0:1:mov x29, #0
0:1:2:3:3:4:5:0x400834:0:2:mov x30, #0
0:1:2:3:3:4:5:0x400838:0:3:mov x5, x0
0:1:2:3:3:8:9:0x40083C:0:4:ldr x1, [sp]
1:2:3:4:4:5:9:0x400840:0:5:add x2, sp, #8
1:2:3:4:4:5:9:0x400844:0:6:mov x6, sp
1:2:3:4:4:9:10:0x400848:0:7:ldr x0, #0x18
1:2:3:4:4:9:10:0x40084C:0:8:ldr x3, #0x1c
2:3:4:5:5:10:11:0x400850:0:9:ldr x4, #0x20
2:3:4:5:5:6:11:0x400854:0:10:bl #0x81c
3:4:5:6:6:7:11:0x401070:0:11:stp x29, x30, [sp, #-0x150]!
3:4:5:6:7:8:11:0x401070:1:12:stp x29, x30, [sp, #-0x150]!
3:4:5:6:6:7:12:0x401070:2:13:stp x29, x30, [sp, #-0x150]!
3:4:5:6:7:8:12:0x401070:3:14:stp x29, x30, [sp, #-0x150]!
3:5:6:7:7:8:12:0x401070:4:15:stp x29, x30, [sp, #-0x150]!
3:5:6:7:7:8:12:0x401074:0:16:adrp x7, #0x8e000
3:5:6:7:7:8:13:0x401078:0:17:mov x29, sp
3:5:6:7:8:9:13:0x40107C:0:18:stp x19, x20, [sp, #0x10]
3:6:7:8:8:9:13:0x40107C:1:19:stp x19, x20, [sp, #0x10]
3:6:7:8:8:9:13:0x40107C:2:20:stp x19, x20, [sp, #0x10]
3:6:7:8:9:10:14:0x40107C:3:21:stp x19, x20, [sp, #0x10]
4:6:7:8:10:11:14:0x401080:0:22:mov x20, x4
4:7:8:9:9:10:14:0x401084:0:23:stp x21, x22, [sp, #0x20]
4:7:8:9:10:11:14:0x401084:1:24:stp x21, x22, [sp, #0x20]
4:7:8:9:9:10:15:0x401084:2:25:stp x21, x22, [sp, #0x20]
4:7:8:9:11:12:15:0x401084:3:26:stp x21, x22, [sp, #0x20]
4:8:9:10:10:11:15:0x401088:0:27:mov x19, x3
4:8:9:10:10:11:15:0x40108C:0:28:stp x0, x2, [x29, #0x58]
4:8:9:10:12:13:16:0x40108C:1:29:stp x0, x2, [x29, #0x58]
4:8:9:10:10:11:16:0x40108C:2:30:stp x0, x2, [x29, #0x58]
4:9:10:11:13:14:16:0x40108C:3:31:stp x0, x2, [x29, #0x58]
5:9:10:11:11:12:16:0x401090:0:32:mov x21, x5
5:9:10:11:11:16:17:0x401094:0:33:ldr x0, [x7, #0xd98]
5:9:10:11:11:12:17:0x401098:0:34:mov w4, #0
5:10:11:12:12:13:17:0x40109C:0:35:stp x23, x24, [sp, #0x30]
5:10:11:12:14:15:17:0x40109C:1:36:stp x23, x24, [sp, #0x30]
5:10:11:12:12:13:18:0x40109C:2:37:stp x23, x24, [sp, #0x30]
5:10:11:12:15:16:18:0x40109C:3:38:stp x23, x24, [sp, #0x30]
7:11:12:13:13:14:18:0x4010A0:0:39:str w1, [x29, #0x6c]
7:11:12:13:16:17:19:0x4010A0:1:40:str w1, [x29, #0x6c]
7:11:12:13:13:14:19:0x4010A4:0:41:str x25, [sp, #0x40]
7:11:12:13:17:18:19:0x4010A4:1:42:str x25, [sp, #0x40]
7:12:13:14:16:17:19:0x4010A8:0:43:cbz x0, #0x10
10:12:13:14:14:15:20:0x4010B8:0:44:adrp x3, #0x8e000
10:12:13:14:14:15:20:0x4010BC:0:45:adrp x2, #0x8e000
12:13:14:15:15:16:20:0x4010C0:0:46:adrp x1, #0x8e000
12:13:14:15:15:18:0:0x4010C4:0:47:ldr w0, [x29, #0x6c]
12:13:14:15:15:0:0:0x4010C8:0:48:ldr x3, [x3, #0x980]
12:13:14:15:16:0:0:0x4010CC:0:49:ldr x2, [x2, #0xb30]
13:14:15:16:16:0:0:0x4010D0:0:50:ldr x1, [x1, #0x9b0]
13:14:15:16:17:0:0:0x4010D4:0:51:ldr x5, [x29, #0x60]
13:14:15:16:0:0:0:0x4010D8:0:52:str w4, [x3]
13:14:15:16:18:0:0:0x4010D8:1:53:str w4, [x3]
13:15:16:17:0:0:0:0x4010DC:0:54:add x0, x5, w0, sxtw #3
14:15:16:17:0:0:0:0x4010E0:0:55:str x6, [x1]
14:15:16:17:0:0:0:0x4010E0:1:56:str x6, [x1]
14:15:16:17:0:0:0:0x4010E4:0:57:add x0, x0, #8
14:16:17:18:0:0:0:0x4010E8:0:58:str x0, [x2]
14:16:17:18:0:0:0:0x4010E8:1:59:str x0, [x2]
14:16:17:18:0:0:0:0x4010EC:0:60:ldr x1, [x0], #8
14:16:17:18:0:0:0:0x4010EC:1:61:ldr x1, [x0], #8
15:17:18:0:0:0:0:0x4010F0:0:62:cbnz x1, #0xfffffffffffffffc
16:18:0:0:0:0:0:0x4010EC:0:63:ldr x1, [x0], #8
16:18:0:0:0:0:0:0x4010EC:1:64:ldr x1, [x0], #8
16:18:0:0:0:0:0:0x4010F0:0:65:cbnz x1, #0xfffffffffffffffc
18:0:0:0:0:0:0:0x4010EC:0:66:ldr x1, [x0], #8
18:0:0:0:0:0:0:0x4010EC:1:67:ldr x1, [x0], #8
18:0:0:0:0:0:0:0x4010F0:0:68:cbnz x1, #0xfffffffffffffffc
19:20:21:22:22:27:28:0x4010C4:0:69:ldr w0, [x29, #0x6c]
19:20:21:22:22:28:29:0x4010C8:0:70:ldr x3, [x3, #0x980]
19:20:21:22:23:28:29:0x4010CC:0:71:ldr x2, [x2, #0xb30]
19:20:21:22:23:29:30:0x4010D0:0:72:ldr x1, [x1, #0x9b0]
20:21:22:23:24:29:30:0x4010D4:0:73:ldr x5, [x29, #0x60]
20:21:22:23:28:29:30:0x4010D8:0:74:str w4, [x3]
20:21:22:23:23:24:30:0x4010D8:1:75:str w4, [x3]
20:21:22:23:29:31:32:0x4010DC:0:76:add x0, x5, w0, sxtw #3
21:22:23:24:29:30:32:0x4010E0:0:77:str x6, [x1]
21:22:23:24:24:25:32:0x4010E0:1:78:str x6, [x1]
21:22:23:24:31:32:33:0x4010E4:0:79:add x0, x0, #8
21:22:23:24:29:30:34:0x4010E8:0:80:str x0, [x2]
21:23:24:25:32:33:34:0x4010E8:1:81:str x0, [x2]
21:23:24:25:32:37:38:0x4010EC:0:82:ldr x1, [x0], #8
21:23:24:25:32:33:38:0x4010EC:1:83:ldr x1, [x0], #8
22:23:24:25:37:38:39:0x4010F0:0:84:cbnz x1, #0xfffffffffffffffc
23:24:25:26:33:38:39:0x4010EC:0:85:ldr x1, [x0], #8
23:24:25:26:33:34:39:0x4010EC:1:86:ldr x1, [x0], #8
23:24:25:26:38:39:40:0x4010F0:0:87:cbnz x1, #0xfffffffffffffffc
24:25:26:27:34:39:0:0x4010EC:0:88:ldr x1, [x0], #8
24:25:26:27:34:35:0:0x4010EC:1:89:ldr x1, [x0], #8
24:25:26:27:39:0:0:0x4010F0:0:90:cbnz x1, #0xfffffffffffffffc
25:26:27:28:35:0:0:0x4010EC:0:91:ldr x1, [x0], #8
25:26:27:28:35:36:0:0x4010EC:1:92:ldr x1, [x0], #8
25:26:27:28:0:0:0:0x4010F0:0:93:cbnz x1, #0xfffffffffffffffc
26:27:28:29:36:0:0:0x4010EC:0:94:ldr x1, [x0], #8
26:27:28:29:36:37:0:0x4010EC:1:95:ldr x1, [x0], #8
26:27:28:29:0:0:0:0x4010F0:0:96:cbnz x1, #0xfffffffffffffffc
27:28:29:30:37:0:0:0x4010EC:0:97:ldr x1, [x0], #8
27:28:29:30:37:38:0:0x4010EC:1:98:ldr x1, [x0], #8
27:28:29:30:0:0:0:0x4010F0:0:99:cbnz x1, #0xfffffffffffffffc
28:29:30:31:38:0:0:0x4010EC:0:100:ldr x1, [x0], #8
28:29:30:31:38:39:0:0x4010EC:1:101:ldr x1, [x0], #8
28:29:30:31:0:0:0:0x4010F0:0:102:cbnz x1, #0xfffffffffffffffc
29:30:31:32:39:0:0:0x4010EC:0:103:ldr x1, [x0], #8
29:30:31:32:39:0:0:0x4010EC:1:104:ldr x1, [x0], #8
29:30:31:32:0:0:0:0x4010F0:0:105:cbnz x1, #0xfffffffffffffffc
30:31:32:33:0:0:0:0x4010EC:0:106:ldr x1, [x0], #8
30:31:32:33:0:0:0:0x4010EC:1:107:ldr x1, [x0], #8
30:31:32:33:0:0:0:0x4010F0:0:108:cbnz x1, #0xfffffffffffffffc
31:32:33:34:0:0:0:0x4010EC:0:109:ldr x1, [x0], #8
31:32:33:34:0:0:0:0x4010EC:1:110:ldr x1, [x0], #8
31:32:33:34:0:0:0:0x4010F0:0:111:cbnz x1, #0xfffffffffffffffc
32:33:34:35:0:0:0:0x4010EC:0:112:ldr x1, [x0], #8
32:33:34:35:0:0:0:0x4010EC:1:113:ldr x1, [x0], #8
32:33:34:35:0:0:0:0x4010F0:0:114:cbnz x1, #0xfffffffffffffffc
33:34:35:36:0:0:0:0x4010EC:0:115:ldr x1, [x0], #8
33:34:35:36:0:0:0:0x4010EC:1:116:ldr x1, [x0], #8
33:34:35:36:0:0:0:0x4010F0:0:117:cbnz x1, #0xfffffffffffffffc
34:35:36:37:0:0:0:0x4010EC:0:118:ldr x1, [x0], #8
34:35:36:37:0:0:0:0x4010EC:1:119:ldr x1, [x0], #8
34:35:36:37:0:0:0:0x4010F0:0:120:cbnz x1, #0xfffffffffffffffc
35:36:37:38:0:0:0:0x4010EC:0:121:ldr x1, [x0], #8
35:36:37:38:0:0:0:0x4010EC:1:122:ldr x1, [x0], #8
35:36:37:38:0:0:0:0x4010F0:0:123:cbnz x1, #0xfffffffffffffffc
36:37:38:39:0:0:0:0x4010EC:0:124:ldr x1, [x0], #8
36:37:38:39:0:0:0:0x4010EC:1:125:ldr x1, [x0], #8
36:37:38:39:0:0:0:0x4010F0:0:126:cbnz x1, #0xfffffffffffffffc
37:38:39:0:0:0:0:0x4010EC:0:127:ldr x1, [x0], #8
37:38:39:0:0:0:0:0x4010EC:1:128:ldr x1, [x0], #8
37:38:39:0:0:0:0:0x4010F0:0:129:cbnz x1, #0xfffffffffffffffc
38:39:0:0:0:0:0:0x4010EC:0:130:ldr x1, [x0], #8
38:39:0:0:0:0:0:0x4010EC:1:131:ldr x1, [x0], #8
38:39:0:0:0:0:0:0x4010F0:0:132:cbnz x1, #0xfffffffffffffffc
39:0:0:0:0:0:0:0x4010EC:0:133:ldr x1, [x0], #8
39:0:0:0:0:0:0:0x4010EC:1:134:ldr x1, [x0], #8
39:0:0:0:0:0:0:0x4010F0:0:135:cbnz x1, #0xfffffffffffffffc
40:41:42:43:43:44:45:0x4010F4:0:136:bl #0x1b094
41:42:43:44:44:45:46:0x41C188:0:137:adrp x1, #0x73000
41:42:43:44:45:50:51:0x41C18C:0:138:ldr x2, [x1, #0xb60]
41:42:43:44:44:49:51:0x41C190:0:139:ldr x1, [x0]
41:42:43:44:50:51:52:0x41C194:0:140:str x0, [x2]
41:43:44:45:45:46:52:0x41C194:1:141:str x0, [x2]
42:43:44:45:49:50:52:0x41C198:0:142:cbz x1, #0x360
43:44:45:46:46:47:0:0x41C4F8:0:143:ret 
44:45:46:47:47:48:0:0x4010F8:0:144:adrp x1, #0x8e000
44:45:46:47:47:48:0:0x4010FC:0:145:adrp x0, #0x8e000
45:46:47:48:48:0:0:0x401100:0:146:ldr x1, [x1, #0xca8]
45:46:47:48:48:0:0:0x401104:0:147:ldr x0, [x0, #0x960]
45:46:47:48:0:0:0:0x401108:0:148:ldr x2, [x1]
45:46:47:48:0:0:0:0x40110C:0:149:cmp x2, #0
46:47:48:49:0:0:0:0x401110:0:150:ccmp x0, #0, #4, eq
46:47:48:49:0:0:0:0x401114:0:151:b.ne #0x1fc
47:48:49:50:0:0:0:0x401310:0:152:ldrh w2, [x0, #0x36]
47:48:49:50:0:0:0:0x401314:0:153:cmp w2, #0x38
47:48:49:50:0:0:0:0x401318:0:154:b.eq #0x24
48:49:50:0:0:0:0:0x40133C:0:155:adrp x2, #0x8e000
49:50:0:0:0:0:0:0x401340:0:156:ldr x3, [x0, #0x20]
49:50:0:0:0:0:0:0x401344:0:157:ldrh w4, [x0, #0x38]
49:50:0:0:0:0:0:0x401348:0:158:ldr x2, [x2, #0xe88]
49:50:0:0:0:0:0:0x40134C:0:159:add x0, x3, x0
50:0:0:0:0:0:0:0x401350:0:160:str x0, [x1]
50:0:0:0:0:0:0:0x401350:1:161:str x0, [x1]
50:0:0:0:0:0:0:0x401354:0:162:str x4, [x2]
50:0:0:0:0:0:0:0x401354:1:163:str x4, [x2]
50:0:0:0:0:0:0:0x401358:0:164:b #0xfffffffffffffdc0
51:52:53:54:54:55:57:0x41C19C:0:165:stp x29, x30, [sp, #-0x90]!
51:52:53:54:55:56:57:0x41C19C:1:166:stp x29, x30, [sp, #-0x90]!
51:52:53:54:54:55:57:0x41C19C:2:167:stp x29, x30, [sp, #-0x90]!
51:52:53:54:55:56:57:0x41C19C:3:168:stp x29, x30, [sp, #-0x90]!
51:53:54:55:55:56:58:0x41C19C:4:169:stp x29, x30, [sp, #-0x90]!
52:53:54:55:55:56:58:0x41C1A0:0:170:adrp x5, #0x73000
52:53:54:55:55:56:58:0x41C1A4:0:171:adrp x10, #0x73000
52:53:54:55:55:56:58:0x41C1A8:0:172:adrp x4, #0x73000
52:54:55:56:56:57:59:0x41C1AC:0:173:mov x29, sp
53:54:55:56:56:61:62:0x41C1B0:0:174:ldr x16, [x5, #0xb80]
53:54:55:56:56:57:62:0x41C1B4:0:175:adrp x14, #0x73000
53:54:55:56:56:61:62:0x41C1B8:0:176:ldr x18, [x10, #0xd88]
53:55:56:57:57:58:62:0x41C1BC:0:177:adrp x11, #0x73000
54:55:56:57:57:58:63:0x41C1C0:0:178:adrp x12, #0x73000
54:55:56:57:57:58:63:0x41C1C4:0:179:adrp x13, #0x73000
54:55:56:57:57:63:64:0x41C1C8:0:180:ldr x17, [x4, #0xb58]
54:56:57:58:58:59:64:0x41C1CC:0:181:adrp x7, #0x7c000
55:56:57:58:58:64:65:0x41C1D0:0:182:ldr x9, [x14, #0xd40]
55:56:57:58:59:60:65:0x41C1D4:0:183:add x2, x7, #0xb40
55:56:57:58:58:64:65:0x41C1D8:0:184:ldr x8, [x11, #0xb70]
55:57:58:59:59:60:65:0x41C1DC:0:185:adrp x15, #0x72000
56:57:58:59:59:65:66:0x41C1E0:0:186:ldr x6, [x12, #0xe88]
56:57:58:59:59:65:66:0x41C1E4:0:187:ldr x3, [x13, #0xca8]
56:57:58:59:62:67:68:0x41C1E8:0:188:ldr w16, [x16]
56:58:59:60:62:67:68:0x41C1EC:0:189:ldr x18, [x18]
57:58:59:60:60:61:74:0x41C1F0:0:190:str w16, [x29, #0x68]
57:58:59:60:72:73:74:0x41C1F0:1:191:str w16, [x29, #0x68]
57:58:59:60:60:61:74:0x41C1F4:0:192:adrp x16, #0x75000
57:59:60:61:65:70:74:0x41C1F8:0:193:ldr w17, [x17]
57:59:60:61:61:62:75:0x41C1FC:0:194:str x18, [x29, #0x78]
57:59:60:61:73:74:75:0x41C1FC:1:195:str x18, [x29, #0x78]
58:59:60:61:61:66:75:0x41C200:0:196:ldr x18, [x7, #0xb40]
58:60:61:62:63:64:75:0x41C204:0:197:stp x19, x20, [sp, #0x10]
58:60:61:62:62:63:76:0x41C204:1:198:stp x19, x20, [sp, #0x10]
58:60:61:62:63:64:76:0x41C204:2:199:stp x19, x20, [sp, #0x10]
58:60:61:62:63:64:76:0x41C204:3:200:stp x19, x20, [sp, #0x10]